[0.295s] Invoking command in '/home/sg_user/SG/ros2_test_python/src/ar_package': PYTHONPATH=/home/sg_user/SG/ros2_test_python/install/ar_package/lib/python3.8/site-packages:${PYTHONPATH} /usr/bin/python3 setup.py egg_info --egg-base ../../build/ar_package build --build-base /home/sg_user/SG/ros2_test_python/build/ar_package/build install --prefix /home/sg_user/SG/ros2_test_python/install/ar_package --record /home/sg_user/SG/ros2_test_python/build/ar_package/install.log --single-version-externally-managed
[0.537s] running egg_info
[0.538s] writing ../../build/ar_package/ar_package.egg-info/PKG-INFO
[0.538s] writing dependency_links to ../../build/ar_package/ar_package.egg-info/dependency_links.txt
[0.539s] writing entry points to ../../build/ar_package/ar_package.egg-info/entry_points.txt
[0.539s] writing requirements to ../../build/ar_package/ar_package.egg-info/requires.txt
[0.539s] writing top-level names to ../../build/ar_package/ar_package.egg-info/top_level.txt
[0.580s] reading manifest file '../../build/ar_package/ar_package.egg-info/SOURCES.txt'
[0.581s] writing manifest file '../../build/ar_package/ar_package.egg-info/SOURCES.txt'
[0.581s] running build
[0.581s] running build_py
[0.581s] copying ar_package/ar_node.py -> /home/sg_user/SG/ros2_test_python/build/ar_package/build/lib/ar_package
[0.581s] running install
[0.582s] running install_lib
[0.583s] copying /home/sg_user/SG/ros2_test_python/build/ar_package/build/lib/ar_package/ar_node.py -> /home/sg_user/SG/ros2_test_python/install/ar_package/lib/python3.8/site-packages/ar_package
[0.583s] byte-compiling /home/sg_user/SG/ros2_test_python/install/ar_package/lib/python3.8/site-packages/ar_package/ar_node.py to ar_node.cpython-38.pyc
[0.585s]   File "/home/sg_user/SG/ros2_test_python/install/ar_package/lib/python3.8/site-packages/ar_package/ar_node.py", line 10
[0.585s]     def onTick(self):
[0.585s]     ^
[0.585s] SyntaxError: invalid character in identifier
[0.585s] 
[0.585s] running install_data
[0.585s] running install_egg_info
[0.586s] removing '/home/sg_user/SG/ros2_test_python/install/ar_package/lib/python3.8/site-packages/ar_package-0.0.0-py3.8.egg-info' (and everything under it)
[0.587s] Copying ../../build/ar_package/ar_package.egg-info to /home/sg_user/SG/ros2_test_python/install/ar_package/lib/python3.8/site-packages/ar_package-0.0.0-py3.8.egg-info
[0.587s] running install_scripts
[0.605s] Installing ar_node script to /home/sg_user/SG/ros2_test_python/install/ar_package/lib/ar_package
[0.605s] writing list of installed files to '/home/sg_user/SG/ros2_test_python/build/ar_package/install.log'
[0.629s] Invoked command in '/home/sg_user/SG/ros2_test_python/src/ar_package' returned '0': PYTHONPATH=/home/sg_user/SG/ros2_test_python/install/ar_package/lib/python3.8/site-packages:${PYTHONPATH} /usr/bin/python3 setup.py egg_info --egg-base ../../build/ar_package build --build-base /home/sg_user/SG/ros2_test_python/build/ar_package/build install --prefix /home/sg_user/SG/ros2_test_python/install/ar_package --record /home/sg_user/SG/ros2_test_python/build/ar_package/install.log --single-version-externally-managed
