[8.068s] DEBUG:colcon:Command line arguments: ['/usr/bin/colcon', 'build']
[8.068s] DEBUG:colcon:Parsed command line arguments: Namespace(ament_cmake_args=None, base_paths=['.'], build_base='build', catkin_cmake_args=None, catkin_skip_building_tests=False, cmake_args=None, cmake_clean_cache=False, cmake_clean_first=False, cmake_force_configure=False, cmake_target=None, cmake_target_skip_unavailable=False, continue_on_error=False, event_handlers=None, executor='parallel', ignore_user_meta=False, install_base='install', log_base=None, log_level=None, main=<bound method BuildVerb.main of <colcon_core.verb.build.BuildVerb object at 0x7fa209586cd0>>, merge_install=False, metas=['./colcon.meta'], packages_above=None, packages_above_and_dependencies=None, packages_above_depth=None, packages_end=None, packages_ignore=None, packages_ignore_regex=None, packages_select=None, packages_select_build_failed=False, packages_select_by_dep=None, packages_select_regex=None, packages_select_test_failures=False, packages_skip=None, packages_skip_build_finished=False, packages_skip_by_dep=None, packages_skip_regex=None, packages_skip_test_passed=False, packages_skip_up_to=None, packages_start=None, packages_up_to=None, packages_up_to_regex=None, parallel_workers=4, paths=None, symlink_install=False, test_result_base=None, verb_extension=<colcon_core.verb.build.BuildVerb object at 0x7fa209586cd0>, verb_name='build', verb_parser=<colcon_defaults.argument_parser.defaults.DefaultArgumentsDecorator object at 0x7fa209593280>)
[8.096s] Level 1:colcon.colcon_core.package_discovery:discover_packages(colcon_meta) check parameters
[8.096s] Level 1:colcon.colcon_core.package_discovery:discover_packages(recursive) check parameters
[8.096s] Level 1:colcon.colcon_core.package_discovery:discover_packages(ignore) check parameters
[8.096s] Level 1:colcon.colcon_core.package_discovery:discover_packages(path) check parameters
[8.096s] Level 1:colcon.colcon_core.package_discovery:discover_packages(colcon_meta) discover
[8.096s] Level 1:colcon.colcon_core.package_discovery:discover_packages(recursive) discover
[8.097s] INFO:colcon.colcon_core.package_discovery:Crawling recursively for packages in '/home/sg_user/SG/ros2_test_python'
[8.097s] Level 1:colcon.colcon_core.package_identification:_identify(.) by extensions ['ignore', 'ignore_ament_install']
[8.097s] Level 1:colcon.colcon_core.package_identification:_identify(.) by extension 'ignore'
[8.097s] Level 1:colcon.colcon_core.package_identification:_identify(.) by extension 'ignore_ament_install'
[8.097s] Level 1:colcon.colcon_core.package_identification:_identify(.) by extensions ['colcon_pkg']
[8.097s] Level 1:colcon.colcon_core.package_identification:_identify(.) by extension 'colcon_pkg'
[8.097s] Level 1:colcon.colcon_core.package_identification:_identify(.) by extensions ['colcon_meta']
[8.097s] Level 1:colcon.colcon_core.package_identification:_identify(.) by extension 'colcon_meta'
[8.097s] Level 1:colcon.colcon_core.package_identification:_identify(.) by extensions ['ros']
[8.097s] Level 1:colcon.colcon_core.package_identification:_identify(.) by extension 'ros'
[8.110s] Level 1:colcon.colcon_core.package_identification:_identify(.) by extensions ['cmake', 'python']
[8.110s] Level 1:colcon.colcon_core.package_identification:_identify(.) by extension 'cmake'
[8.110s] Level 1:colcon.colcon_core.package_identification:_identify(.) by extension 'python'
[8.110s] Level 1:colcon.colcon_core.package_identification:_identify(.) by extensions ['python_setup_py']
[8.110s] Level 1:colcon.colcon_core.package_identification:_identify(.) by extension 'python_setup_py'
[8.110s] Level 1:colcon.colcon_core.package_identification:_identify(build) by extensions ['ignore', 'ignore_ament_install']
[8.110s] Level 1:colcon.colcon_core.package_identification:_identify(build) by extension 'ignore'
[8.110s] Level 1:colcon.colcon_core.package_identification:_identify(build) ignored
[8.111s] Level 1:colcon.colcon_core.package_identification:_identify(install) by extensions ['ignore', 'ignore_ament_install']
[8.111s] Level 1:colcon.colcon_core.package_identification:_identify(install) by extension 'ignore'
[8.111s] Level 1:colcon.colcon_core.package_identification:_identify(install) ignored
[8.111s] Level 1:colcon.colcon_core.package_identification:_identify(log) by extensions ['ignore', 'ignore_ament_install']
[8.111s] Level 1:colcon.colcon_core.package_identification:_identify(log) by extension 'ignore'
[8.111s] Level 1:colcon.colcon_core.package_identification:_identify(log) ignored
[8.111s] Level 1:colcon.colcon_core.package_identification:_identify(src) by extensions ['ignore', 'ignore_ament_install']
[8.111s] Level 1:colcon.colcon_core.package_identification:_identify(src) by extension 'ignore'
[8.111s] Level 1:colcon.colcon_core.package_identification:_identify(src) by extension 'ignore_ament_install'
[8.111s] Level 1:colcon.colcon_core.package_identification:_identify(src) by extensions ['colcon_pkg']
[8.111s] Level 1:colcon.colcon_core.package_identification:_identify(src) by extension 'colcon_pkg'
[8.112s] Level 1:colcon.colcon_core.package_identification:_identify(src) by extensions ['colcon_meta']
[8.112s] Level 1:colcon.colcon_core.package_identification:_identify(src) by extension 'colcon_meta'
[8.112s] Level 1:colcon.colcon_core.package_identification:_identify(src) by extensions ['ros']
[8.112s] Level 1:colcon.colcon_core.package_identification:_identify(src) by extension 'ros'
[8.112s] Level 1:colcon.colcon_core.package_identification:_identify(src) by extensions ['cmake', 'python']
[8.112s] Level 1:colcon.colcon_core.package_identification:_identify(src) by extension 'cmake'
[8.112s] Level 1:colcon.colcon_core.package_identification:_identify(src) by extension 'python'
[8.112s] Level 1:colcon.colcon_core.package_identification:_identify(src) by extensions ['python_setup_py']
[8.112s] Level 1:colcon.colcon_core.package_identification:_identify(src) by extension 'python_setup_py'
[8.112s] Level 1:colcon.colcon_core.package_identification:_identify(src/ar_package) by extensions ['ignore', 'ignore_ament_install']
[8.112s] Level 1:colcon.colcon_core.package_identification:_identify(src/ar_package) by extension 'ignore'
[8.112s] Level 1:colcon.colcon_core.package_identification:_identify(src/ar_package) by extension 'ignore_ament_install'
[8.112s] Level 1:colcon.colcon_core.package_identification:_identify(src/ar_package) by extensions ['colcon_pkg']
[8.112s] Level 1:colcon.colcon_core.package_identification:_identify(src/ar_package) by extension 'colcon_pkg'
[8.112s] Level 1:colcon.colcon_core.package_identification:_identify(src/ar_package) by extensions ['colcon_meta']
[8.112s] Level 1:colcon.colcon_core.package_identification:_identify(src/ar_package) by extension 'colcon_meta'
[8.112s] Level 1:colcon.colcon_core.package_identification:_identify(src/ar_package) by extensions ['ros']
[8.113s] Level 1:colcon.colcon_core.package_identification:_identify(src/ar_package) by extension 'ros'
[8.115s] DEBUG:colcon.colcon_core.package_identification:Package 'src/ar_package' with type 'ros.ament_python' and name 'ar_package'
[8.115s] Level 1:colcon.colcon_core.package_discovery:discover_packages(recursive) using defaults
[8.115s] Level 1:colcon.colcon_core.package_discovery:discover_packages(ignore) discover
[8.115s] Level 1:colcon.colcon_core.package_discovery:discover_packages(ignore) using defaults
[8.116s] Level 1:colcon.colcon_core.package_discovery:discover_packages(path) discover
[8.116s] Level 1:colcon.colcon_core.package_discovery:discover_packages(path) using defaults
[8.136s] Level 5:colcon.colcon_core.verb:set package 'ar_package' build argument 'cmake_args' from command line to 'None'
[8.136s] Level 5:colcon.colcon_core.verb:set package 'ar_package' build argument 'cmake_target' from command line to 'None'
[8.136s] Level 5:colcon.colcon_core.verb:set package 'ar_package' build argument 'cmake_target_skip_unavailable' from command line to 'False'
[8.136s] Level 5:colcon.colcon_core.verb:set package 'ar_package' build argument 'cmake_clean_cache' from command line to 'False'
[8.136s] Level 5:colcon.colcon_core.verb:set package 'ar_package' build argument 'cmake_clean_first' from command line to 'False'
[8.136s] Level 5:colcon.colcon_core.verb:set package 'ar_package' build argument 'cmake_force_configure' from command line to 'False'
[8.136s] Level 5:colcon.colcon_core.verb:set package 'ar_package' build argument 'ament_cmake_args' from command line to 'None'
[8.136s] Level 5:colcon.colcon_core.verb:set package 'ar_package' build argument 'catkin_cmake_args' from command line to 'None'
[8.136s] Level 5:colcon.colcon_core.verb:set package 'ar_package' build argument 'catkin_skip_building_tests' from command line to 'False'
[8.136s] DEBUG:colcon.colcon_core.verb:Building package 'ar_package' with the following arguments: {'ament_cmake_args': None, 'build_base': '/home/sg_user/SG/ros2_test_python/build/ar_package', 'catkin_cmake_args': None, 'catkin_skip_building_tests': False, 'cmake_args': None, 'cmake_clean_cache': False, 'cmake_clean_first': False, 'cmake_force_configure': False, 'cmake_target': None, 'cmake_target_skip_unavailable': False, 'install_base': '/home/sg_user/SG/ros2_test_python/install/ar_package', 'merge_install': False, 'path': '/home/sg_user/SG/ros2_test_python/src/ar_package', 'symlink_install': False, 'test_result_base': None}
[8.137s] INFO:colcon.colcon_core.executor:Executing jobs using 'parallel' executor
[8.139s] DEBUG:colcon.colcon_parallel_executor.executor.parallel:run_until_complete
[8.139s] INFO:colcon.colcon_ros.task.ament_python.build:Building ROS package in '/home/sg_user/SG/ros2_test_python/src/ar_package' with build type 'ament_python'
[8.139s] Level 1:colcon.colcon_core.shell:create_environment_hook('ar_package', 'ament_prefix_path')
[8.263s] INFO:colcon.colcon_core.plugin_system:Skipping extension 'colcon_core.shell.bat': Not used on non-Windows systems
[8.263s] INFO:colcon.colcon_core.shell:Creating environment hook '/home/sg_user/SG/ros2_test_python/install/ar_package/share/ar_package/hook/ament_prefix_path.ps1'
[8.285s] INFO:colcon.colcon_core.shell:Creating environment descriptor '/home/sg_user/SG/ros2_test_python/install/ar_package/share/ar_package/hook/ament_prefix_path.dsv'
[8.300s] INFO:colcon.colcon_core.shell:Creating environment hook '/home/sg_user/SG/ros2_test_python/install/ar_package/share/ar_package/hook/ament_prefix_path.sh'
[8.312s] INFO:colcon.colcon_core.shell:Skip shell extension 'powershell' for command environment: Not usable outside of PowerShell
[8.312s] DEBUG:colcon.colcon_core.shell:Skip shell extension 'dsv' for command environment
[8.356s] DEBUG:colcon.colcon_core.shell:Ignoring prefix path '/opt/ros/foxy'
[8.630s] INFO:colcon.colcon_core.task.python.build:Building Python package in '/home/sg_user/SG/ros2_test_python/src/ar_package'
[8.631s] INFO:colcon.colcon_core.shell:Skip shell extension 'powershell' for command environment: Not usable outside of PowerShell
[8.631s] DEBUG:colcon.colcon_core.shell:Skip shell extension 'dsv' for command environment
[8.634s] DEBUG:colcon.colcon_core.shell:Ignoring prefix path '/opt/ros/foxy'
[8.648s] DEBUG:colcon.colcon_core.event_handler.log_command:Invoking command in '/home/sg_user/SG/ros2_test_python/src/ar_package': PYTHONPATH=/home/sg_user/SG/ros2_test_python/install/ar_package/lib/python3.8/site-packages:${PYTHONPATH} /usr/bin/python3 setup.py egg_info --egg-base ../../build/ar_package build --build-base /home/sg_user/SG/ros2_test_python/build/ar_package/build install --prefix /home/sg_user/SG/ros2_test_python/install/ar_package --record /home/sg_user/SG/ros2_test_python/build/ar_package/install.log --single-version-externally-managed
[9.634s] DEBUG:colcon.colcon_core.event_handler.log_command:Invoked command in '/home/sg_user/SG/ros2_test_python/src/ar_package' returned '0': PYTHONPATH=/home/sg_user/SG/ros2_test_python/install/ar_package/lib/python3.8/site-packages:${PYTHONPATH} /usr/bin/python3 setup.py egg_info --egg-base ../../build/ar_package build --build-base /home/sg_user/SG/ros2_test_python/build/ar_package/build install --prefix /home/sg_user/SG/ros2_test_python/install/ar_package --record /home/sg_user/SG/ros2_test_python/build/ar_package/install.log --single-version-externally-managed
[9.755s] Level 1:colcon.colcon_core.environment:checking '/home/sg_user/SG/ros2_test_python/install/ar_package' for CMake module files
[9.756s] Level 1:colcon.colcon_core.environment:checking '/home/sg_user/SG/ros2_test_python/install/ar_package' for CMake config files
[9.756s] Level 1:colcon.colcon_core.environment:checking '/home/sg_user/SG/ros2_test_python/install/ar_package/lib'
[9.757s] Level 1:colcon.colcon_core.environment:checking '/home/sg_user/SG/ros2_test_python/install/ar_package/bin'
[9.757s] Level 1:colcon.colcon_core.environment:checking '/home/sg_user/SG/ros2_test_python/install/ar_package/lib/pkgconfig/ar_package.pc'
[9.757s] Level 1:colcon.colcon_core.environment:checking '/home/sg_user/SG/ros2_test_python/install/ar_package/lib/python3.8/site-packages'
[9.757s] Level 1:colcon.colcon_core.shell:create_environment_hook('ar_package', 'pythonpath')
[9.757s] INFO:colcon.colcon_core.shell:Creating environment hook '/home/sg_user/SG/ros2_test_python/install/ar_package/share/ar_package/hook/pythonpath.ps1'
[9.761s] INFO:colcon.colcon_core.shell:Creating environment descriptor '/home/sg_user/SG/ros2_test_python/install/ar_package/share/ar_package/hook/pythonpath.dsv'
[9.765s] INFO:colcon.colcon_core.shell:Creating environment hook '/home/sg_user/SG/ros2_test_python/install/ar_package/share/ar_package/hook/pythonpath.sh'
[9.769s] Level 1:colcon.colcon_core.environment:create_environment_scripts_only(ar_package)
[9.770s] INFO:colcon.colcon_core.shell:Creating package script '/home/sg_user/SG/ros2_test_python/install/ar_package/share/ar_package/package.ps1'
[9.788s] INFO:colcon.colcon_core.shell:Creating package descriptor '/home/sg_user/SG/ros2_test_python/install/ar_package/share/ar_package/package.dsv'
[9.807s] INFO:colcon.colcon_core.shell:Creating package script '/home/sg_user/SG/ros2_test_python/install/ar_package/share/ar_package/package.sh'
[9.815s] INFO:colcon.colcon_core.shell:Creating package script '/home/sg_user/SG/ros2_test_python/install/ar_package/share/ar_package/package.bash'
[9.848s] INFO:colcon.colcon_core.shell:Creating package script '/home/sg_user/SG/ros2_test_python/install/ar_package/share/ar_package/package.zsh'
[9.869s] Level 1:colcon.colcon_core.environment:create_file_with_runtime_dependencies(/home/sg_user/SG/ros2_test_python/install/ar_package/share/colcon-core/packages/ar_package)
[9.892s] DEBUG:colcon.colcon_parallel_executor.executor.parallel:closing loop
[9.892s] DEBUG:colcon.colcon_parallel_executor.executor.parallel:loop closed
[9.892s] DEBUG:colcon.colcon_parallel_executor.executor.parallel:run_until_complete finished with '0'
[9.892s] DEBUG:colcon.colcon_core.event_reactor:joining thread
[9.914s] INFO:colcon.colcon_core.plugin_system:Skipping extension 'colcon_notification.desktop_notification.terminal_notifier': Not used on non-Darwin systems
[9.914s] INFO:colcon.colcon_core.plugin_system:Skipping extension 'colcon_notification.desktop_notification.win32': Not used on non-Windows systems
[9.914s] INFO:colcon.colcon_notification.desktop_notification:Sending desktop notification using 'notify2'
[9.938s] DEBUG:colcon.colcon_core.event_reactor:joined thread
[9.939s] INFO:colcon.colcon_core.shell:Creating prefix script '/home/sg_user/SG/ros2_test_python/install/local_setup.ps1'
[9.963s] INFO:colcon.colcon_core.shell:Creating prefix util module '/home/sg_user/SG/ros2_test_python/install/_local_setup_util_ps1.py'
[9.982s] INFO:colcon.colcon_core.shell:Creating prefix chain script '/home/sg_user/SG/ros2_test_python/install/setup.ps1'
[9.993s] INFO:colcon.colcon_core.shell:Creating prefix script '/home/sg_user/SG/ros2_test_python/install/local_setup.sh'
[10.011s] INFO:colcon.colcon_core.shell:Creating prefix util module '/home/sg_user/SG/ros2_test_python/install/_local_setup_util_sh.py'
[10.015s] INFO:colcon.colcon_core.shell:Creating prefix chain script '/home/sg_user/SG/ros2_test_python/install/setup.sh'
[10.027s] INFO:colcon.colcon_core.shell:Creating prefix script '/home/sg_user/SG/ros2_test_python/install/local_setup.bash'
[10.055s] INFO:colcon.colcon_core.shell:Creating prefix chain script '/home/sg_user/SG/ros2_test_python/install/setup.bash'
[10.083s] INFO:colcon.colcon_core.shell:Creating prefix script '/home/sg_user/SG/ros2_test_python/install/local_setup.zsh'
[10.103s] INFO:colcon.colcon_core.shell:Creating prefix chain script '/home/sg_user/SG/ros2_test_python/install/setup.zsh'
