[0.273s] Invoking command in '/home/sg_user/SG/ros2_test_python/src/ar_package': PYTHONPATH=/home/sg_user/SG/ros2_test_python/install/ar_package/lib/python3.8/site-packages:${PYTHONPATH} /usr/bin/python3 setup.py egg_info --egg-base ../../build/ar_package build --build-base /home/sg_user/SG/ros2_test_python/build/ar_package/build install --prefix /home/sg_user/SG/ros2_test_python/install/ar_package --record /home/sg_user/SG/ros2_test_python/build/ar_package/install.log --single-version-externally-managed
[0.558s] running egg_info
[0.559s] creating ../../build/ar_package/ar_package.egg-info
[0.559s] writing ../../build/ar_package/ar_package.egg-info/PKG-INFO
[0.559s] writing dependency_links to ../../build/ar_package/ar_package.egg-info/dependency_links.txt
[0.560s] writing entry points to ../../build/ar_package/ar_package.egg-info/entry_points.txt
[0.560s] writing requirements to ../../build/ar_package/ar_package.egg-info/requires.txt
[0.560s] writing top-level names to ../../build/ar_package/ar_package.egg-info/top_level.txt
[0.567s] writing manifest file '../../build/ar_package/ar_package.egg-info/SOURCES.txt'
[0.687s] reading manifest file '../../build/ar_package/ar_package.egg-info/SOURCES.txt'
[0.688s] writing manifest file '../../build/ar_package/ar_package.egg-info/SOURCES.txt'
[0.688s] running build
[0.689s] running build_py
[0.689s] creating /home/sg_user/SG/ros2_test_python/build/ar_package/build
[0.689s] creating /home/sg_user/SG/ros2_test_python/build/ar_package/build/lib
[0.689s] creating /home/sg_user/SG/ros2_test_python/build/ar_package/build/lib/ar_package
[0.689s] copying ar_package/__init__.py -> /home/sg_user/SG/ros2_test_python/build/ar_package/build/lib/ar_package
[0.689s] copying ar_package/ar_node.py -> /home/sg_user/SG/ros2_test_python/build/ar_package/build/lib/ar_package
[0.689s] running install
[0.690s] running install_lib
[0.701s] creating /home/sg_user/SG/ros2_test_python/install/ar_package/lib/python3.8/site-packages/ar_package
[0.701s] copying /home/sg_user/SG/ros2_test_python/build/ar_package/build/lib/ar_package/__init__.py -> /home/sg_user/SG/ros2_test_python/install/ar_package/lib/python3.8/site-packages/ar_package
[0.701s] copying /home/sg_user/SG/ros2_test_python/build/ar_package/build/lib/ar_package/ar_node.py -> /home/sg_user/SG/ros2_test_python/install/ar_package/lib/python3.8/site-packages/ar_package
[0.701s] byte-compiling /home/sg_user/SG/ros2_test_python/install/ar_package/lib/python3.8/site-packages/ar_package/__init__.py to __init__.cpython-38.pyc
[0.702s] byte-compiling /home/sg_user/SG/ros2_test_python/install/ar_package/lib/python3.8/site-packages/ar_package/ar_node.py to ar_node.cpython-38.pyc
[0.702s]   File "/home/sg_user/SG/ros2_test_python/install/ar_package/lib/python3.8/site-packages/ar_package/ar_node.py", line 10
[0.703s]     # 定期的に呼ばれる
[0.703s]     ^
[0.703s] SyntaxError: invalid character in identifier
[0.703s] 
[0.703s] running install_data
[0.704s] creating /home/sg_user/SG/ros2_test_python/install/ar_package/share/ament_index
[0.705s] creating /home/sg_user/SG/ros2_test_python/install/ar_package/share/ament_index/resource_index
[0.705s] creating /home/sg_user/SG/ros2_test_python/install/ar_package/share/ament_index/resource_index/packages
[0.705s] copying resource/ar_package -> /home/sg_user/SG/ros2_test_python/install/ar_package/share/ament_index/resource_index/packages
[0.705s] copying package.xml -> /home/sg_user/SG/ros2_test_python/install/ar_package/share/ar_package
[0.705s] running install_egg_info
[0.712s] Copying ../../build/ar_package/ar_package.egg-info to /home/sg_user/SG/ros2_test_python/install/ar_package/lib/python3.8/site-packages/ar_package-0.0.0-py3.8.egg-info
[0.713s] running install_scripts
[0.748s] Installing ar_node script to /home/sg_user/SG/ros2_test_python/install/ar_package/lib/ar_package
[0.749s] writing list of installed files to '/home/sg_user/SG/ros2_test_python/build/ar_package/install.log'
[0.772s] Invoked command in '/home/sg_user/SG/ros2_test_python/src/ar_package' returned '0': PYTHONPATH=/home/sg_user/SG/ros2_test_python/install/ar_package/lib/python3.8/site-packages:${PYTHONPATH} /usr/bin/python3 setup.py egg_info --egg-base ../../build/ar_package build --build-base /home/sg_user/SG/ros2_test_python/build/ar_package/build install --prefix /home/sg_user/SG/ros2_test_python/install/ar_package --record /home/sg_user/SG/ros2_test_python/build/ar_package/install.log --single-version-externally-managed
