[0.468s] DEBUG:colcon:Command line arguments: ['/usr/bin/colcon', 'list', '-p', '--base-paths', '/home/sg_user/SG/ros2_test_python']
[0.468s] DEBUG:colcon:Parsed command line arguments: Namespace(base_paths=['/home/sg_user/SG/ros2_test_python'], build_base='build', ignore_user_meta=False, log_base=None, log_level=None, main=<bound method ListVerb.main of <colcon_package_information.verb.list.ListVerb object at 0x7fb437a82af0>>, metas=['./colcon.meta'], names_only=False, packages_above=None, packages_above_and_dependencies=None, packages_above_depth=None, packages_end=None, packages_ignore=None, packages_ignore_regex=None, packages_select=None, packages_select_build_failed=False, packages_select_by_dep=None, packages_select_regex=None, packages_select_test_failures=False, packages_skip=None, packages_skip_build_finished=False, packages_skip_by_dep=None, packages_skip_regex=None, packages_skip_test_passed=False, packages_skip_up_to=None, packages_start=None, packages_up_to=None, packages_up_to_regex=None, paths=None, paths_only=True, topological_graph=False, topological_graph_density=False, topological_graph_dot=False, topological_graph_dot_cluster=False, topological_graph_dot_include_skipped=False, topological_graph_legend=False, topological_order=False, verb_extension=<colcon_package_information.verb.list.ListVerb object at 0x7fb437a82af0>, verb_name='list', verb_parser=<colcon_defaults.argument_parser.defaults.DefaultArgumentsDecorator object at 0x7fb437ab8f40>)
[0.493s] Level 1:colcon.colcon_core.package_discovery:discover_packages(colcon_meta) check parameters
[0.494s] Level 1:colcon.colcon_core.package_discovery:discover_packages(recursive) check parameters
[0.494s] Level 1:colcon.colcon_core.package_discovery:discover_packages(ignore) check parameters
[0.494s] Level 1:colcon.colcon_core.package_discovery:discover_packages(path) check parameters
[0.494s] Level 1:colcon.colcon_core.package_discovery:discover_packages(recursive) discover
[0.494s] INFO:colcon.colcon_core.package_discovery:Crawling recursively for packages in '/home/sg_user/SG/ros2_test_python'
[0.494s] Level 1:colcon.colcon_core.package_identification:_identify(/home/sg_user/SG/ros2_test_python) by extensions ['ignore', 'ignore_ament_install']
[0.494s] Level 1:colcon.colcon_core.package_identification:_identify(/home/sg_user/SG/ros2_test_python) by extension 'ignore'
[0.494s] Level 1:colcon.colcon_core.package_identification:_identify(/home/sg_user/SG/ros2_test_python) by extension 'ignore_ament_install'
[0.494s] Level 1:colcon.colcon_core.package_identification:_identify(/home/sg_user/SG/ros2_test_python) by extensions ['colcon_pkg']
[0.494s] Level 1:colcon.colcon_core.package_identification:_identify(/home/sg_user/SG/ros2_test_python) by extension 'colcon_pkg'
[0.494s] Level 1:colcon.colcon_core.package_identification:_identify(/home/sg_user/SG/ros2_test_python) by extensions ['colcon_meta']
[0.494s] Level 1:colcon.colcon_core.package_identification:_identify(/home/sg_user/SG/ros2_test_python) by extension 'colcon_meta'
[0.494s] Level 1:colcon.colcon_core.package_identification:_identify(/home/sg_user/SG/ros2_test_python) by extensions ['ros']
[0.494s] Level 1:colcon.colcon_core.package_identification:_identify(/home/sg_user/SG/ros2_test_python) by extension 'ros'
[0.506s] Level 1:colcon.colcon_core.package_identification:_identify(/home/sg_user/SG/ros2_test_python) by extensions ['cmake', 'python']
[0.506s] Level 1:colcon.colcon_core.package_identification:_identify(/home/sg_user/SG/ros2_test_python) by extension 'cmake'
[0.506s] Level 1:colcon.colcon_core.package_identification:_identify(/home/sg_user/SG/ros2_test_python) by extension 'python'
[0.506s] Level 1:colcon.colcon_core.package_identification:_identify(/home/sg_user/SG/ros2_test_python) by extensions ['python_setup_py']
[0.506s] Level 1:colcon.colcon_core.package_identification:_identify(/home/sg_user/SG/ros2_test_python) by extension 'python_setup_py'
[0.506s] Level 1:colcon.colcon_core.package_identification:_identify(/home/sg_user/SG/ros2_test_python/build) by extensions ['ignore', 'ignore_ament_install']
[0.506s] Level 1:colcon.colcon_core.package_identification:_identify(/home/sg_user/SG/ros2_test_python/build) by extension 'ignore'
[0.506s] Level 1:colcon.colcon_core.package_identification:_identify(/home/sg_user/SG/ros2_test_python/build) ignored
[0.506s] Level 1:colcon.colcon_core.package_identification:_identify(/home/sg_user/SG/ros2_test_python/install) by extensions ['ignore', 'ignore_ament_install']
[0.506s] Level 1:colcon.colcon_core.package_identification:_identify(/home/sg_user/SG/ros2_test_python/install) by extension 'ignore'
[0.507s] Level 1:colcon.colcon_core.package_identification:_identify(/home/sg_user/SG/ros2_test_python/install) ignored
[0.507s] Level 1:colcon.colcon_core.package_identification:_identify(/home/sg_user/SG/ros2_test_python/log) by extensions ['ignore', 'ignore_ament_install']
[0.507s] Level 1:colcon.colcon_core.package_identification:_identify(/home/sg_user/SG/ros2_test_python/log) by extension 'ignore'
[0.507s] Level 1:colcon.colcon_core.package_identification:_identify(/home/sg_user/SG/ros2_test_python/log) ignored
[0.507s] Level 1:colcon.colcon_core.package_identification:_identify(/home/sg_user/SG/ros2_test_python/src) by extensions ['ignore', 'ignore_ament_install']
[0.507s] Level 1:colcon.colcon_core.package_identification:_identify(/home/sg_user/SG/ros2_test_python/src) by extension 'ignore'
[0.507s] Level 1:colcon.colcon_core.package_identification:_identify(/home/sg_user/SG/ros2_test_python/src) by extension 'ignore_ament_install'
[0.507s] Level 1:colcon.colcon_core.package_identification:_identify(/home/sg_user/SG/ros2_test_python/src) by extensions ['colcon_pkg']
[0.507s] Level 1:colcon.colcon_core.package_identification:_identify(/home/sg_user/SG/ros2_test_python/src) by extension 'colcon_pkg'
[0.507s] Level 1:colcon.colcon_core.package_identification:_identify(/home/sg_user/SG/ros2_test_python/src) by extensions ['colcon_meta']
[0.507s] Level 1:colcon.colcon_core.package_identification:_identify(/home/sg_user/SG/ros2_test_python/src) by extension 'colcon_meta'
[0.507s] Level 1:colcon.colcon_core.package_identification:_identify(/home/sg_user/SG/ros2_test_python/src) by extensions ['ros']
[0.507s] Level 1:colcon.colcon_core.package_identification:_identify(/home/sg_user/SG/ros2_test_python/src) by extension 'ros'
[0.508s] Level 1:colcon.colcon_core.package_identification:_identify(/home/sg_user/SG/ros2_test_python/src) by extensions ['cmake', 'python']
[0.508s] Level 1:colcon.colcon_core.package_identification:_identify(/home/sg_user/SG/ros2_test_python/src) by extension 'cmake'
[0.508s] Level 1:colcon.colcon_core.package_identification:_identify(/home/sg_user/SG/ros2_test_python/src) by extension 'python'
[0.508s] Level 1:colcon.colcon_core.package_identification:_identify(/home/sg_user/SG/ros2_test_python/src) by extensions ['python_setup_py']
[0.508s] Level 1:colcon.colcon_core.package_identification:_identify(/home/sg_user/SG/ros2_test_python/src) by extension 'python_setup_py'
[0.508s] Level 1:colcon.colcon_core.package_identification:_identify(/home/sg_user/SG/ros2_test_python/src/ar_package) by extensions ['ignore', 'ignore_ament_install']
[0.508s] Level 1:colcon.colcon_core.package_identification:_identify(/home/sg_user/SG/ros2_test_python/src/ar_package) by extension 'ignore'
[0.508s] Level 1:colcon.colcon_core.package_identification:_identify(/home/sg_user/SG/ros2_test_python/src/ar_package) by extension 'ignore_ament_install'
[0.508s] Level 1:colcon.colcon_core.package_identification:_identify(/home/sg_user/SG/ros2_test_python/src/ar_package) by extensions ['colcon_pkg']
[0.508s] Level 1:colcon.colcon_core.package_identification:_identify(/home/sg_user/SG/ros2_test_python/src/ar_package) by extension 'colcon_pkg'
[0.508s] Level 1:colcon.colcon_core.package_identification:_identify(/home/sg_user/SG/ros2_test_python/src/ar_package) by extensions ['colcon_meta']
[0.508s] Level 1:colcon.colcon_core.package_identification:_identify(/home/sg_user/SG/ros2_test_python/src/ar_package) by extension 'colcon_meta'
[0.508s] Level 1:colcon.colcon_core.package_identification:_identify(/home/sg_user/SG/ros2_test_python/src/ar_package) by extensions ['ros']
[0.508s] Level 1:colcon.colcon_core.package_identification:_identify(/home/sg_user/SG/ros2_test_python/src/ar_package) by extension 'ros'
[0.511s] DEBUG:colcon.colcon_core.package_identification:Package '/home/sg_user/SG/ros2_test_python/src/ar_package' with type 'ros.ament_python' and name 'ar_package'
[0.511s] Level 1:colcon.colcon_core.package_discovery:discover_packages(recursive) using defaults
