[0.305s] Invoking command in '/home/sg_user/SG/ros2_test_python/src/ar_package': PYTHONPATH=/home/sg_user/SG/ros2_test_python/install/ar_package/lib/python3.8/site-packages:${PYTHONPATH} /usr/bin/python3 setup.py egg_info --egg-base ../../build/ar_package build --build-base /home/sg_user/SG/ros2_test_python/build/ar_package/build install --prefix /home/sg_user/SG/ros2_test_python/install/ar_package --record /home/sg_user/SG/ros2_test_python/build/ar_package/install.log --single-version-externally-managed
[0.530s] /home/sg_user/.local/lib/python3.8/site-packages/setuptools/dist.py:717: UserWarning: Usage of dash-separated 'script-dir' will not be supported in future versions. Please use the underscore name 'script_dir' instead
[0.530s]   warnings.warn(
[0.530s] /home/sg_user/.local/lib/python3.8/site-packages/setuptools/dist.py:717: UserWarning: Usage of dash-separated 'install-scripts' will not be supported in future versions. Please use the underscore name 'install_scripts' instead
[0.530s]   warnings.warn(
[0.562s] running egg_info
[0.563s] writing ../../build/ar_package/ar_package.egg-info/PKG-INFO
[0.563s] writing dependency_links to ../../build/ar_package/ar_package.egg-info/dependency_links.txt
[0.563s] writing entry points to ../../build/ar_package/ar_package.egg-info/entry_points.txt
[0.564s] writing requirements to ../../build/ar_package/ar_package.egg-info/requires.txt
[0.564s] writing top-level names to ../../build/ar_package/ar_package.egg-info/top_level.txt
[0.569s] reading manifest file '../../build/ar_package/ar_package.egg-info/SOURCES.txt'
[0.570s] writing manifest file '../../build/ar_package/ar_package.egg-info/SOURCES.txt'
[0.570s] running build
[0.570s] running build_py
[0.571s] running install
[0.571s] /home/sg_user/.local/lib/python3.8/site-packages/setuptools/command/install.py:34: SetuptoolsDeprecationWarning: setup.py install is deprecated. Use build and pip and other standards-based tools.
[0.571s]   warnings.warn(
[0.571s] running install_lib
[0.574s] running install_data
[0.575s] running install_egg_info
[0.577s] removing '/home/sg_user/SG/ros2_test_python/install/ar_package/lib/python3.8/site-packages/ar_package-0.0.0-py3.8.egg-info' (and everything under it)
[0.577s] Copying ../../build/ar_package/ar_package.egg-info to /home/sg_user/SG/ros2_test_python/install/ar_package/lib/python3.8/site-packages/ar_package-0.0.0-py3.8.egg-info
[0.578s] running install_scripts
[0.598s] Installing ar_node script to /home/sg_user/SG/ros2_test_python/install/ar_package/lib/ar_package
[0.599s] writing list of installed files to '/home/sg_user/SG/ros2_test_python/build/ar_package/install.log'
[0.622s] Invoked command in '/home/sg_user/SG/ros2_test_python/src/ar_package' returned '0': PYTHONPATH=/home/sg_user/SG/ros2_test_python/install/ar_package/lib/python3.8/site-packages:${PYTHONPATH} /usr/bin/python3 setup.py egg_info --egg-base ../../build/ar_package build --build-base /home/sg_user/SG/ros2_test_python/build/ar_package/build install --prefix /home/sg_user/SG/ros2_test_python/install/ar_package --record /home/sg_user/SG/ros2_test_python/build/ar_package/install.log --single-version-externally-managed
