[0.508s] Invoking command in '/home/sg_user/SG/ros2_test_python/src/ar_package': PYTHONPATH=/home/sg_user/SG/ros2_test_python/install/ar_package/lib/python3.8/site-packages:${PYTHONPATH} /usr/bin/python3 setup.py egg_info --egg-base ../../build/ar_package build --build-base /home/sg_user/SG/ros2_test_python/build/ar_package/build install --prefix /home/sg_user/SG/ros2_test_python/install/ar_package --record /home/sg_user/SG/ros2_test_python/build/ar_package/install.log --single-version-externally-managed
[0.940s] running egg_info
[0.940s] writing ../../build/ar_package/ar_package.egg-info/PKG-INFO
[0.952s] writing dependency_links to ../../build/ar_package/ar_package.egg-info/dependency_links.txt
[0.956s] writing entry points to ../../build/ar_package/ar_package.egg-info/entry_points.txt
[0.960s] writing requirements to ../../build/ar_package/ar_package.egg-info/requires.txt
[0.963s] writing top-level names to ../../build/ar_package/ar_package.egg-info/top_level.txt
[1.249s] reading manifest file '../../build/ar_package/ar_package.egg-info/SOURCES.txt'
[1.260s] writing manifest file '../../build/ar_package/ar_package.egg-info/SOURCES.txt'
[1.265s] running build
[1.265s] running build_py
[1.265s] copying ar_package/ar_node.py -> /home/sg_user/SG/ros2_test_python/build/ar_package/build/lib/ar_package
[1.281s] running install
[1.289s] running install_lib
[1.308s] copying /home/sg_user/SG/ros2_test_python/build/ar_package/build/lib/ar_package/ar_node.py -> /home/sg_user/SG/ros2_test_python/install/ar_package/lib/python3.8/site-packages/ar_package
[1.309s] byte-compiling /home/sg_user/SG/ros2_test_python/install/ar_package/lib/python3.8/site-packages/ar_package/ar_node.py to ar_node.cpython-38.pyc
[1.322s] running install_data
[1.329s] running install_egg_info
[1.358s] removing '/home/sg_user/SG/ros2_test_python/install/ar_package/lib/python3.8/site-packages/ar_package-0.0.0-py3.8.egg-info' (and everything under it)
[1.366s] Copying ../../build/ar_package/ar_package.egg-info to /home/sg_user/SG/ros2_test_python/install/ar_package/lib/python3.8/site-packages/ar_package-0.0.0-py3.8.egg-info
[1.376s] running install_scripts
[1.461s] Installing ar_node script to /home/sg_user/SG/ros2_test_python/install/ar_package/lib/ar_package
[1.470s] writing list of installed files to '/home/sg_user/SG/ros2_test_python/build/ar_package/install.log'
[1.494s] Invoked command in '/home/sg_user/SG/ros2_test_python/src/ar_package' returned '0': PYTHONPATH=/home/sg_user/SG/ros2_test_python/install/ar_package/lib/python3.8/site-packages:${PYTHONPATH} /usr/bin/python3 setup.py egg_info --egg-base ../../build/ar_package build --build-base /home/sg_user/SG/ros2_test_python/build/ar_package/build install --prefix /home/sg_user/SG/ros2_test_python/install/ar_package --record /home/sg_user/SG/ros2_test_python/build/ar_package/install.log --single-version-externally-managed
