[0.300s] DEBUG:colcon:Command line arguments: ['/usr/bin/colcon', 'build']
[0.300s] DEBUG:colcon:Parsed command line arguments: Namespace(ament_cmake_args=None, base_paths=['.'], build_base='build', catkin_cmake_args=None, catkin_skip_building_tests=False, cmake_args=None, cmake_clean_cache=False, cmake_clean_first=False, cmake_force_configure=False, cmake_target=None, cmake_target_skip_unavailable=False, continue_on_error=False, event_handlers=None, executor='parallel', ignore_user_meta=False, install_base='install', log_base=None, log_level=None, main=<bound method BuildVerb.main of <colcon_core.verb.build.BuildVerb object at 0x7f1d83e7cd90>>, merge_install=False, metas=['./colcon.meta'], packages_above=None, packages_above_and_dependencies=None, packages_above_depth=None, packages_end=None, packages_ignore=None, packages_ignore_regex=None, packages_select=None, packages_select_build_failed=False, packages_select_by_dep=None, packages_select_regex=None, packages_select_test_failures=False, packages_skip=None, packages_skip_build_finished=False, packages_skip_by_dep=None, packages_skip_regex=None, packages_skip_test_passed=False, packages_skip_up_to=None, packages_start=None, packages_up_to=None, packages_up_to_regex=None, parallel_workers=8, paths=None, symlink_install=False, test_result_base=None, verb_extension=<colcon_core.verb.build.BuildVerb object at 0x7f1d83e7cd90>, verb_name='build', verb_parser=<colcon_defaults.argument_parser.defaults.DefaultArgumentsDecorator object at 0x7f1d83e88340>)
[0.305s] Level 1:colcon.colcon_core.package_discovery:discover_packages(colcon_meta) check parameters
[0.305s] Level 1:colcon.colcon_core.package_discovery:discover_packages(recursive) check parameters
[0.305s] Level 1:colcon.colcon_core.package_discovery:discover_packages(ignore) check parameters
[0.305s] Level 1:colcon.colcon_core.package_discovery:discover_packages(path) check parameters
[0.305s] Level 1:colcon.colcon_core.package_discovery:discover_packages(colcon_meta) discover
[0.305s] Level 1:colcon.colcon_core.package_discovery:discover_packages(recursive) discover
[0.305s] INFO:colcon.colcon_core.package_discovery:Crawling recursively for packages in '/home/sg_user/SG/ros2_test_python'
[0.305s] Level 1:colcon.colcon_core.package_identification:_identify(.) by extensions ['ignore', 'ignore_ament_install']
[0.306s] Level 1:colcon.colcon_core.package_identification:_identify(.) by extension 'ignore'
[0.306s] Level 1:colcon.colcon_core.package_identification:_identify(.) by extension 'ignore_ament_install'
[0.306s] Level 1:colcon.colcon_core.package_identification:_identify(.) by extensions ['colcon_pkg']
[0.306s] Level 1:colcon.colcon_core.package_identification:_identify(.) by extension 'colcon_pkg'
[0.306s] Level 1:colcon.colcon_core.package_identification:_identify(.) by extensions ['colcon_meta']
[0.306s] Level 1:colcon.colcon_core.package_identification:_identify(.) by extension 'colcon_meta'
[0.306s] Level 1:colcon.colcon_core.package_identification:_identify(.) by extensions ['ros']
[0.306s] Level 1:colcon.colcon_core.package_identification:_identify(.) by extension 'ros'
[0.317s] Level 1:colcon.colcon_core.package_identification:_identify(.) by extensions ['cmake', 'python']
[0.317s] Level 1:colcon.colcon_core.package_identification:_identify(.) by extension 'cmake'
[0.317s] Level 1:colcon.colcon_core.package_identification:_identify(.) by extension 'python'
[0.317s] Level 1:colcon.colcon_core.package_identification:_identify(.) by extensions ['python_setup_py']
[0.318s] Level 1:colcon.colcon_core.package_identification:_identify(.) by extension 'python_setup_py'
[0.318s] Level 1:colcon.colcon_core.package_identification:_identify(build) by extensions ['ignore', 'ignore_ament_install']
[0.318s] Level 1:colcon.colcon_core.package_identification:_identify(build) by extension 'ignore'
[0.318s] Level 1:colcon.colcon_core.package_identification:_identify(build) ignored
[0.318s] Level 1:colcon.colcon_core.package_identification:_identify(install) by extensions ['ignore', 'ignore_ament_install']
[0.318s] Level 1:colcon.colcon_core.package_identification:_identify(install) by extension 'ignore'
[0.318s] Level 1:colcon.colcon_core.package_identification:_identify(install) ignored
[0.318s] Level 1:colcon.colcon_core.package_identification:_identify(log) by extensions ['ignore', 'ignore_ament_install']
[0.318s] Level 1:colcon.colcon_core.package_identification:_identify(log) by extension 'ignore'
[0.318s] Level 1:colcon.colcon_core.package_identification:_identify(log) ignored
[0.318s] Level 1:colcon.colcon_core.package_identification:_identify(src) by extensions ['ignore', 'ignore_ament_install']
[0.319s] Level 1:colcon.colcon_core.package_identification:_identify(src) by extension 'ignore'
[0.319s] Level 1:colcon.colcon_core.package_identification:_identify(src) by extension 'ignore_ament_install'
[0.319s] Level 1:colcon.colcon_core.package_identification:_identify(src) by extensions ['colcon_pkg']
[0.319s] Level 1:colcon.colcon_core.package_identification:_identify(src) by extension 'colcon_pkg'
[0.319s] Level 1:colcon.colcon_core.package_identification:_identify(src) by extensions ['colcon_meta']
[0.319s] Level 1:colcon.colcon_core.package_identification:_identify(src) by extension 'colcon_meta'
[0.319s] Level 1:colcon.colcon_core.package_identification:_identify(src) by extensions ['ros']
[0.319s] Level 1:colcon.colcon_core.package_identification:_identify(src) by extension 'ros'
[0.319s] Level 1:colcon.colcon_core.package_identification:_identify(src) by extensions ['cmake', 'python']
[0.319s] Level 1:colcon.colcon_core.package_identification:_identify(src) by extension 'cmake'
[0.319s] Level 1:colcon.colcon_core.package_identification:_identify(src) by extension 'python'
[0.319s] Level 1:colcon.colcon_core.package_identification:_identify(src) by extensions ['python_setup_py']
[0.319s] Level 1:colcon.colcon_core.package_identification:_identify(src) by extension 'python_setup_py'
[0.319s] Level 1:colcon.colcon_core.package_identification:_identify(src/ar_package) by extensions ['ignore', 'ignore_ament_install']
[0.319s] Level 1:colcon.colcon_core.package_identification:_identify(src/ar_package) by extension 'ignore'
[0.319s] Level 1:colcon.colcon_core.package_identification:_identify(src/ar_package) by extension 'ignore_ament_install'
[0.319s] Level 1:colcon.colcon_core.package_identification:_identify(src/ar_package) by extensions ['colcon_pkg']
[0.319s] Level 1:colcon.colcon_core.package_identification:_identify(src/ar_package) by extension 'colcon_pkg'
[0.319s] Level 1:colcon.colcon_core.package_identification:_identify(src/ar_package) by extensions ['colcon_meta']
[0.320s] Level 1:colcon.colcon_core.package_identification:_identify(src/ar_package) by extension 'colcon_meta'
[0.320s] Level 1:colcon.colcon_core.package_identification:_identify(src/ar_package) by extensions ['ros']
[0.320s] Level 1:colcon.colcon_core.package_identification:_identify(src/ar_package) by extension 'ros'
[0.322s] DEBUG:colcon.colcon_core.package_identification:Package 'src/ar_package' with type 'ros.ament_python' and name 'ar_package'
[0.322s] Level 1:colcon.colcon_core.package_discovery:discover_packages(recursive) using defaults
[0.322s] Level 1:colcon.colcon_core.package_discovery:discover_packages(ignore) discover
[0.322s] Level 1:colcon.colcon_core.package_discovery:discover_packages(ignore) using defaults
[0.322s] Level 1:colcon.colcon_core.package_discovery:discover_packages(path) discover
[0.322s] Level 1:colcon.colcon_core.package_discovery:discover_packages(path) using defaults
[0.341s] Level 5:colcon.colcon_core.verb:set package 'ar_package' build argument 'cmake_args' from command line to 'None'
[0.341s] Level 5:colcon.colcon_core.verb:set package 'ar_package' build argument 'cmake_target' from command line to 'None'
[0.341s] Level 5:colcon.colcon_core.verb:set package 'ar_package' build argument 'cmake_target_skip_unavailable' from command line to 'False'
[0.341s] Level 5:colcon.colcon_core.verb:set package 'ar_package' build argument 'cmake_clean_cache' from command line to 'False'
[0.341s] Level 5:colcon.colcon_core.verb:set package 'ar_package' build argument 'cmake_clean_first' from command line to 'False'
[0.341s] Level 5:colcon.colcon_core.verb:set package 'ar_package' build argument 'cmake_force_configure' from command line to 'False'
[0.341s] Level 5:colcon.colcon_core.verb:set package 'ar_package' build argument 'ament_cmake_args' from command line to 'None'
[0.341s] Level 5:colcon.colcon_core.verb:set package 'ar_package' build argument 'catkin_cmake_args' from command line to 'None'
[0.341s] Level 5:colcon.colcon_core.verb:set package 'ar_package' build argument 'catkin_skip_building_tests' from command line to 'False'
[0.341s] DEBUG:colcon.colcon_core.verb:Building package 'ar_package' with the following arguments: {'ament_cmake_args': None, 'build_base': '/home/sg_user/SG/ros2_test_python/build/ar_package', 'catkin_cmake_args': None, 'catkin_skip_building_tests': False, 'cmake_args': None, 'cmake_clean_cache': False, 'cmake_clean_first': False, 'cmake_force_configure': False, 'cmake_target': None, 'cmake_target_skip_unavailable': False, 'install_base': '/home/sg_user/SG/ros2_test_python/install/ar_package', 'merge_install': False, 'path': '/home/sg_user/SG/ros2_test_python/src/ar_package', 'symlink_install': False, 'test_result_base': None}
[0.342s] INFO:colcon.colcon_core.executor:Executing jobs using 'parallel' executor
[0.344s] DEBUG:colcon.colcon_parallel_executor.executor.parallel:run_until_complete
[0.345s] INFO:colcon.colcon_ros.task.ament_python.build:Building ROS package in '/home/sg_user/SG/ros2_test_python/src/ar_package' with build type 'ament_python'
[0.345s] Level 1:colcon.colcon_core.shell:create_environment_hook('ar_package', 'ament_prefix_path')
[0.351s] INFO:colcon.colcon_core.plugin_system:Skipping extension 'colcon_core.shell.bat': Not used on non-Windows systems
[0.351s] INFO:colcon.colcon_core.shell:Creating environment hook '/home/sg_user/SG/ros2_test_python/install/ar_package/share/ar_package/hook/ament_prefix_path.ps1'
[0.352s] INFO:colcon.colcon_core.shell:Creating environment descriptor '/home/sg_user/SG/ros2_test_python/install/ar_package/share/ar_package/hook/ament_prefix_path.dsv'
[0.366s] INFO:colcon.colcon_core.shell:Creating environment hook '/home/sg_user/SG/ros2_test_python/install/ar_package/share/ar_package/hook/ament_prefix_path.sh'
[0.368s] INFO:colcon.colcon_core.shell:Skip shell extension 'powershell' for command environment: Not usable outside of PowerShell
[0.368s] DEBUG:colcon.colcon_core.shell:Skip shell extension 'dsv' for command environment
[0.373s] DEBUG:colcon.colcon_core.shell:Ignoring prefix path '/opt/ros/foxy'
[0.597s] INFO:colcon.colcon_core.task.python.build:Building Python package in '/home/sg_user/SG/ros2_test_python/src/ar_package'
[0.598s] INFO:colcon.colcon_core.shell:Skip shell extension 'powershell' for command environment: Not usable outside of PowerShell
[0.598s] DEBUG:colcon.colcon_core.shell:Skip shell extension 'dsv' for command environment
[0.601s] DEBUG:colcon.colcon_core.shell:Ignoring prefix path '/opt/ros/foxy'
[0.607s] DEBUG:colcon.colcon_core.event_handler.log_command:Invoking command in '/home/sg_user/SG/ros2_test_python/src/ar_package': PYTHONPATH=/home/sg_user/SG/ros2_test_python/install/ar_package/lib/python3.8/site-packages:${PYTHONPATH} /usr/bin/python3 setup.py egg_info --egg-base ../../build/ar_package build --build-base /home/sg_user/SG/ros2_test_python/build/ar_package/build install --prefix /home/sg_user/SG/ros2_test_python/install/ar_package --record /home/sg_user/SG/ros2_test_python/build/ar_package/install.log --single-version-externally-managed
[0.895s] DEBUG:colcon.colcon_core.event_handler.log_command:Invoked command in '/home/sg_user/SG/ros2_test_python/src/ar_package' returned '0': PYTHONPATH=/home/sg_user/SG/ros2_test_python/install/ar_package/lib/python3.8/site-packages:${PYTHONPATH} /usr/bin/python3 setup.py egg_info --egg-base ../../build/ar_package build --build-base /home/sg_user/SG/ros2_test_python/build/ar_package/build install --prefix /home/sg_user/SG/ros2_test_python/install/ar_package --record /home/sg_user/SG/ros2_test_python/build/ar_package/install.log --single-version-externally-managed
[0.900s] Level 1:colcon.colcon_core.environment:checking '/home/sg_user/SG/ros2_test_python/install/ar_package' for CMake module files
[0.900s] Level 1:colcon.colcon_core.environment:checking '/home/sg_user/SG/ros2_test_python/install/ar_package' for CMake config files
[0.901s] Level 1:colcon.colcon_core.environment:checking '/home/sg_user/SG/ros2_test_python/install/ar_package/lib'
[0.901s] Level 1:colcon.colcon_core.environment:checking '/home/sg_user/SG/ros2_test_python/install/ar_package/bin'
[0.901s] Level 1:colcon.colcon_core.environment:checking '/home/sg_user/SG/ros2_test_python/install/ar_package/lib/pkgconfig/ar_package.pc'
[0.902s] Level 1:colcon.colcon_core.environment:checking '/home/sg_user/SG/ros2_test_python/install/ar_package/lib/python3.8/site-packages'
[0.902s] Level 1:colcon.colcon_core.shell:create_environment_hook('ar_package', 'pythonpath')
[0.902s] INFO:colcon.colcon_core.shell:Creating environment hook '/home/sg_user/SG/ros2_test_python/install/ar_package/share/ar_package/hook/pythonpath.ps1'
[0.903s] INFO:colcon.colcon_core.shell:Creating environment descriptor '/home/sg_user/SG/ros2_test_python/install/ar_package/share/ar_package/hook/pythonpath.dsv'
[0.904s] INFO:colcon.colcon_core.shell:Creating environment hook '/home/sg_user/SG/ros2_test_python/install/ar_package/share/ar_package/hook/pythonpath.sh'
[0.904s] Level 1:colcon.colcon_core.environment:create_environment_scripts_only(ar_package)
[0.905s] INFO:colcon.colcon_core.shell:Creating package script '/home/sg_user/SG/ros2_test_python/install/ar_package/share/ar_package/package.ps1'
[0.907s] INFO:colcon.colcon_core.shell:Creating package descriptor '/home/sg_user/SG/ros2_test_python/install/ar_package/share/ar_package/package.dsv'
[0.908s] INFO:colcon.colcon_core.shell:Creating package script '/home/sg_user/SG/ros2_test_python/install/ar_package/share/ar_package/package.sh'
[0.909s] INFO:colcon.colcon_core.shell:Creating package script '/home/sg_user/SG/ros2_test_python/install/ar_package/share/ar_package/package.bash'
[0.910s] INFO:colcon.colcon_core.shell:Creating package script '/home/sg_user/SG/ros2_test_python/install/ar_package/share/ar_package/package.zsh'
[0.911s] Level 1:colcon.colcon_core.environment:create_file_with_runtime_dependencies(/home/sg_user/SG/ros2_test_python/install/ar_package/share/colcon-core/packages/ar_package)
[0.911s] DEBUG:colcon.colcon_parallel_executor.executor.parallel:closing loop
[0.912s] DEBUG:colcon.colcon_parallel_executor.executor.parallel:loop closed
[0.912s] DEBUG:colcon.colcon_parallel_executor.executor.parallel:run_until_complete finished with '0'
[0.912s] DEBUG:colcon.colcon_core.event_reactor:joining thread
[0.935s] INFO:colcon.colcon_core.plugin_system:Skipping extension 'colcon_notification.desktop_notification.terminal_notifier': Not used on non-Darwin systems
[0.935s] INFO:colcon.colcon_core.plugin_system:Skipping extension 'colcon_notification.desktop_notification.win32': Not used on non-Windows systems
[0.935s] INFO:colcon.colcon_notification.desktop_notification:Sending desktop notification using 'notify2'
[0.951s] DEBUG:colcon.colcon_core.event_reactor:joined thread
[0.952s] INFO:colcon.colcon_core.shell:Creating prefix script '/home/sg_user/SG/ros2_test_python/install/local_setup.ps1'
[0.953s] INFO:colcon.colcon_core.shell:Creating prefix util module '/home/sg_user/SG/ros2_test_python/install/_local_setup_util_ps1.py'
[0.975s] INFO:colcon.colcon_core.shell:Creating prefix chain script '/home/sg_user/SG/ros2_test_python/install/setup.ps1'
[0.978s] INFO:colcon.colcon_core.shell:Creating prefix script '/home/sg_user/SG/ros2_test_python/install/local_setup.sh'
[0.980s] INFO:colcon.colcon_core.shell:Creating prefix util module '/home/sg_user/SG/ros2_test_python/install/_local_setup_util_sh.py'
[0.982s] INFO:colcon.colcon_core.shell:Creating prefix chain script '/home/sg_user/SG/ros2_test_python/install/setup.sh'
[0.986s] INFO:colcon.colcon_core.shell:Creating prefix script '/home/sg_user/SG/ros2_test_python/install/local_setup.bash'
[0.988s] INFO:colcon.colcon_core.shell:Creating prefix chain script '/home/sg_user/SG/ros2_test_python/install/setup.bash'
[0.992s] INFO:colcon.colcon_core.shell:Creating prefix script '/home/sg_user/SG/ros2_test_python/install/local_setup.zsh'
[0.994s] INFO:colcon.colcon_core.shell:Creating prefix chain script '/home/sg_user/SG/ros2_test_python/install/setup.zsh'
