[0.398s] Invoking command in '/home/sg_user/SG/ros2_test_python/src/ar_package': PYTHONPATH=/home/sg_user/SG/ros2_test_python/install/ar_package/lib/python3.8/site-packages:${PYTHONPATH} /usr/bin/python3 setup.py egg_info --egg-base ../../build/ar_package build --build-base /home/sg_user/SG/ros2_test_python/build/ar_package/build install --prefix /home/sg_user/SG/ros2_test_python/install/ar_package --record /home/sg_user/SG/ros2_test_python/build/ar_package/install.log --single-version-externally-managed
[0.699s] running egg_info
[0.700s] writing ../../build/ar_package/ar_package.egg-info/PKG-INFO
[0.700s] writing dependency_links to ../../build/ar_package/ar_package.egg-info/dependency_links.txt
[0.709s] writing entry points to ../../build/ar_package/ar_package.egg-info/entry_points.txt
[0.712s] writing requirements to ../../build/ar_package/ar_package.egg-info/requires.txt
[0.715s] writing top-level names to ../../build/ar_package/ar_package.egg-info/top_level.txt
[0.869s] reading manifest file '../../build/ar_package/ar_package.egg-info/SOURCES.txt'
[0.871s] writing manifest file '../../build/ar_package/ar_package.egg-info/SOURCES.txt'
[0.871s] running build
[0.871s] running build_py
[0.872s] copying ar_package/ar_node.py -> /home/sg_user/SG/ros2_test_python/build/ar_package/build/lib/ar_package
[0.872s] running install
[0.882s] running install_lib
[0.887s] copying /home/sg_user/SG/ros2_test_python/build/ar_package/build/lib/ar_package/ar_node.py -> /home/sg_user/SG/ros2_test_python/install/ar_package/lib/python3.8/site-packages/ar_package
[0.887s] byte-compiling /home/sg_user/SG/ros2_test_python/install/ar_package/lib/python3.8/site-packages/ar_package/ar_node.py to ar_node.cpython-38.pyc
[0.890s] running install_data
[0.897s] running install_egg_info
[0.903s] removing '/home/sg_user/SG/ros2_test_python/install/ar_package/lib/python3.8/site-packages/ar_package-0.0.0-py3.8.egg-info' (and everything under it)
[0.903s] Copying ../../build/ar_package/ar_package.egg-info to /home/sg_user/SG/ros2_test_python/install/ar_package/lib/python3.8/site-packages/ar_package-0.0.0-py3.8.egg-info
[0.906s] running install_scripts
[1.006s] Installing ar_node script to /home/sg_user/SG/ros2_test_python/install/ar_package/lib/ar_package
[1.006s] writing list of installed files to '/home/sg_user/SG/ros2_test_python/build/ar_package/install.log'
[1.038s] Invoked command in '/home/sg_user/SG/ros2_test_python/src/ar_package' returned '0': PYTHONPATH=/home/sg_user/SG/ros2_test_python/install/ar_package/lib/python3.8/site-packages:${PYTHONPATH} /usr/bin/python3 setup.py egg_info --egg-base ../../build/ar_package build --build-base /home/sg_user/SG/ros2_test_python/build/ar_package/build install --prefix /home/sg_user/SG/ros2_test_python/install/ar_package --record /home/sg_user/SG/ros2_test_python/build/ar_package/install.log --single-version-externally-managed
