[0.258s] Invoking command in '/home/sg_user/SG/ros2_test_python/src/ar_package': PYTHONPATH=/home/sg_user/SG/ros2_test_python/install/ar_package/lib/python3.8/site-packages:${PYTHONPATH} /usr/bin/python3 setup.py egg_info --egg-base ../../build/ar_package build --build-base /home/sg_user/SG/ros2_test_python/build/ar_package/build install --prefix /home/sg_user/SG/ros2_test_python/install/ar_package --record /home/sg_user/SG/ros2_test_python/build/ar_package/install.log --single-version-externally-managed
[0.672s] running egg_info
[0.673s] writing ../../build/ar_package/ar_package.egg-info/PKG-INFO
[0.712s] writing dependency_links to ../../build/ar_package/ar_package.egg-info/dependency_links.txt
[0.712s] writing entry points to ../../build/ar_package/ar_package.egg-info/entry_points.txt
[0.713s] writing requirements to ../../build/ar_package/ar_package.egg-info/requires.txt
[0.713s] writing top-level names to ../../build/ar_package/ar_package.egg-info/top_level.txt
[0.766s] reading manifest file '../../build/ar_package/ar_package.egg-info/SOURCES.txt'
[0.767s] writing manifest file '../../build/ar_package/ar_package.egg-info/SOURCES.txt'
[1.155s] running build
[1.156s] running build_py
[1.156s] copying ar_package/ar_node.py -> /home/sg_user/SG/ros2_test_python/build/ar_package/build/lib/ar_package
[1.156s] running install
[1.158s] running install_lib
[1.159s] copying /home/sg_user/SG/ros2_test_python/build/ar_package/build/lib/ar_package/ar_node.py -> /home/sg_user/SG/ros2_test_python/install/ar_package/lib/python3.8/site-packages/ar_package
[1.160s] byte-compiling /home/sg_user/SG/ros2_test_python/install/ar_package/lib/python3.8/site-packages/ar_package/ar_node.py to ar_node.cpython-38.pyc
[1.331s] running install_data
[1.332s] running install_egg_info
[1.337s] removing '/home/sg_user/SG/ros2_test_python/install/ar_package/lib/python3.8/site-packages/ar_package-0.0.0-py3.8.egg-info' (and everything under it)
[1.337s] Copying ../../build/ar_package/ar_package.egg-info to /home/sg_user/SG/ros2_test_python/install/ar_package/lib/python3.8/site-packages/ar_package-0.0.0-py3.8.egg-info
[1.338s] running install_scripts
[1.363s] Installing ar_node script to /home/sg_user/SG/ros2_test_python/install/ar_package/lib/ar_package
[1.363s] writing list of installed files to '/home/sg_user/SG/ros2_test_python/build/ar_package/install.log'
[1.393s] Invoked command in '/home/sg_user/SG/ros2_test_python/src/ar_package' returned '0': PYTHONPATH=/home/sg_user/SG/ros2_test_python/install/ar_package/lib/python3.8/site-packages:${PYTHONPATH} /usr/bin/python3 setup.py egg_info --egg-base ../../build/ar_package build --build-base /home/sg_user/SG/ros2_test_python/build/ar_package/build install --prefix /home/sg_user/SG/ros2_test_python/install/ar_package --record /home/sg_user/SG/ros2_test_python/build/ar_package/install.log --single-version-externally-managed
