/home/sg_user/.local/lib/python3.8/site-packages/setuptools/dist.py:717: UserWarning: Usage of dash-separated 'script-dir' will not be supported in future versions. Please use the underscore name 'script_dir' instead
  warnings.warn(
/home/sg_user/.local/lib/python3.8/site-packages/setuptools/dist.py:717: UserWarning: Usage of dash-separated 'install-scripts' will not be supported in future versions. Please use the underscore name 'install_scripts' instead
  warnings.warn(
running egg_info
writing ../../build/ar_package/ar_package.egg-info/PKG-INFO
writing dependency_links to ../../build/ar_package/ar_package.egg-info/dependency_links.txt
writing entry points to ../../build/ar_package/ar_package.egg-info/entry_points.txt
writing requirements to ../../build/ar_package/ar_package.egg-info/requires.txt
writing top-level names to ../../build/ar_package/ar_package.egg-info/top_level.txt
reading manifest file '../../build/ar_package/ar_package.egg-info/SOURCES.txt'
writing manifest file '../../build/ar_package/ar_package.egg-info/SOURCES.txt'
running build
running build_py
copying ar_package/ar_node.py -> /home/sg_user/SG/ros2_test_python/build/ar_package/build/lib/ar_package
running install
/home/sg_user/.local/lib/python3.8/site-packages/setuptools/command/install.py:34: SetuptoolsDeprecationWarning: setup.py install is deprecated. Use build and pip and other standards-based tools.
  warnings.warn(
running install_lib
copying /home/sg_user/SG/ros2_test_python/build/ar_package/build/lib/ar_package/ar_node.py -> /home/sg_user/SG/ros2_test_python/install/ar_package/lib/python3.8/site-packages/ar_package
byte-compiling /home/sg_user/SG/ros2_test_python/install/ar_package/lib/python3.8/site-packages/ar_package/ar_node.py to ar_node.cpython-38.pyc
running install_data
running install_egg_info
removing '/home/sg_user/SG/ros2_test_python/install/ar_package/lib/python3.8/site-packages/ar_package-0.0.0-py3.8.egg-info' (and everything under it)
Copying ../../build/ar_package/ar_package.egg-info to /home/sg_user/SG/ros2_test_python/install/ar_package/lib/python3.8/site-packages/ar_package-0.0.0-py3.8.egg-info
running install_scripts
Installing ar_node script to /home/sg_user/SG/ros2_test_python/install/ar_package/lib/ar_package
writing list of installed files to '/home/sg_user/SG/ros2_test_python/build/ar_package/install.log'
