[10.464s] Invoking command in '/home/sg_user/SG/ros2_test_python/src/ar_package': PYTHONPATH=/home/sg_user/SG/ros2_test_python/install/ar_package/lib/python3.8/site-packages:${PYTHONPATH} /usr/bin/python3 setup.py egg_info --egg-base ../../build/ar_package build --build-base /home/sg_user/SG/ros2_test_python/build/ar_package/build install --prefix /home/sg_user/SG/ros2_test_python/install/ar_package --record /home/sg_user/SG/ros2_test_python/build/ar_package/install.log --single-version-externally-managed
[10.764s] running egg_info
[10.765s] writing ../../build/ar_package/ar_package.egg-info/PKG-INFO
[10.765s] writing dependency_links to ../../build/ar_package/ar_package.egg-info/dependency_links.txt
[10.780s] writing entry points to ../../build/ar_package/ar_package.egg-info/entry_points.txt
[10.787s] writing requirements to ../../build/ar_package/ar_package.egg-info/requires.txt
[10.793s] writing top-level names to ../../build/ar_package/ar_package.egg-info/top_level.txt
[10.935s] reading manifest file '../../build/ar_package/ar_package.egg-info/SOURCES.txt'
[10.937s] writing manifest file '../../build/ar_package/ar_package.egg-info/SOURCES.txt'
[10.938s] running build
[10.938s] running build_py
[10.938s] copying ar_package/ar_node.py -> /home/sg_user/SG/ros2_test_python/build/ar_package/build/lib/ar_package
[10.960s] running install
[10.963s] running install_lib
[10.967s] copying /home/sg_user/SG/ros2_test_python/build/ar_package/build/lib/ar_package/ar_node.py -> /home/sg_user/SG/ros2_test_python/install/ar_package/lib/python3.8/site-packages/ar_package
[10.968s] byte-compiling /home/sg_user/SG/ros2_test_python/install/ar_package/lib/python3.8/site-packages/ar_package/ar_node.py to ar_node.cpython-38.pyc
[10.970s] running install_data
[10.993s] running install_egg_info
[11.000s] removing '/home/sg_user/SG/ros2_test_python/install/ar_package/lib/python3.8/site-packages/ar_package-0.0.0-py3.8.egg-info' (and everything under it)
[11.001s] Copying ../../build/ar_package/ar_package.egg-info to /home/sg_user/SG/ros2_test_python/install/ar_package/lib/python3.8/site-packages/ar_package-0.0.0-py3.8.egg-info
[11.005s] running install_scripts
[11.073s] Installing ar_node script to /home/sg_user/SG/ros2_test_python/install/ar_package/lib/ar_package
[11.074s] writing list of installed files to '/home/sg_user/SG/ros2_test_python/build/ar_package/install.log'
[11.114s] Invoked command in '/home/sg_user/SG/ros2_test_python/src/ar_package' returned '0': PYTHONPATH=/home/sg_user/SG/ros2_test_python/install/ar_package/lib/python3.8/site-packages:${PYTHONPATH} /usr/bin/python3 setup.py egg_info --egg-base ../../build/ar_package build --build-base /home/sg_user/SG/ros2_test_python/build/ar_package/build install --prefix /home/sg_user/SG/ros2_test_python/install/ar_package --record /home/sg_user/SG/ros2_test_python/build/ar_package/install.log --single-version-externally-managed
